<?xml version="1.0" encoding="UTF-8"?>
<!-- Generated by org.testng.reporters.JUnitReportReporter -->
<testsuite hostname="hp" failures="0" tests="1" name="com.DhProjectPactice.CreateLeads" time="0.012" errors="0" timestamp="2022-03-28T13:35:07 IST" skipped="0">
  <testcase classname="com.DhProjectPactice.CreateLeads" name="createTest" time="0.012"/>
  <system-out/>
</testsuite> <!-- com.DhProjectPactice.CreateLeads -->
